2023/07/08 17:25:55 [INFO] main.go:17 [Server Starting...........................................................]
2023/07/08 17:25:56 [INFO] main.go:50 [Starting server at port %v 9001]
2023/07/08 17:25:56 [INFO] main.go:37 [Starting data load service for fetching last 5 epoch data]
2023/07/08 17:26:02 [INFO] beacon_data_service.go:126 [Slot number  6832655  was missed]
2023/07/08 17:26:04 [INFO] beacon_data_service.go:126 [Slot number  6832597  was missed]
2023/07/08 17:26:21 [INFO] main.go:42 [Loaded data for last 5 epoch]
2023/07/08 17:26:49 [INFO] beacon_data_service.go:178 [Fetching committees for epoch %v 213519]
2023/07/08 17:26:51 [INFO] beacon_data_service.go:252 [Fetching attestation bits for %v 6832609]
2023/07/08 17:27:02 [INFO] beacon_data_service.go:178 [Fetching committees for epoch %v 213520]
2023/07/08 17:27:03 [INFO] beacon_data_service.go:252 [Fetching attestation bits for %v 6832641]
2023/07/08 17:27:08 [INFO] beacon_data_service.go:270 [Slot number  6832655  was missed]
2023/07/08 17:27:14 [INFO] beacon_data_service.go:178 [Fetching committees for epoch %v 213521]
2023/07/08 17:27:15 [INFO] beacon_data_service.go:252 [Fetching attestation bits for %v 6832673]
2023/07/08 17:27:26 [INFO] beacon_data_service.go:178 [Fetching committees for epoch %v 213522]
2023/07/08 17:27:33 [INFO] beacon_data_service.go:252 [Fetching attestation bits for %v 6832705]
2023/07/08 17:29:42 [INFO] beacon_data_service.go:178 [Fetching committees for epoch %v 213519]
2023/07/08 17:29:45 [INFO] beacon_data_service.go:252 [Fetching attestation bits for %v 6832609]
2023/07/08 17:29:56 [INFO] beacon_data_service.go:178 [Fetching committees for epoch %v 213520]
2023/07/08 17:29:57 [INFO] beacon_data_service.go:252 [Fetching attestation bits for %v 6832641]
2023/07/08 17:30:03 [INFO] beacon_data_service.go:270 [Slot number  6832655  was missed]
2023/07/08 17:30:08 [INFO] beacon_data_service.go:178 [Fetching committees for epoch %v 213521]
2023/07/08 17:30:10 [INFO] beacon_data_service.go:252 [Fetching attestation bits for %v 6832673]
2023/07/08 17:30:21 [INFO] beacon_data_service.go:178 [Fetching committees for epoch %v 213522]
2023/07/08 17:30:22 [INFO] beacon_data_service.go:252 [Fetching attestation bits for %v 6832705]
2023/07/08 17:31:02 [INFO] beacon_data_service.go:212 [Fetching committee info for validatorIndex %v in epoch %v 638360 213520]
2023/07/08 17:31:04 [INFO] beacon_data_service.go:252 [Fetching attestation bits for %v 6832641]
2023/07/08 17:31:09 [INFO] beacon_data_service.go:270 [Slot number  6832655  was missed]
2023/07/08 17:31:15 [INFO] beacon_data_service.go:212 [Fetching committee info for validatorIndex %v in epoch %v 638360 213521]
2023/07/08 17:31:17 [INFO] beacon_data_service.go:252 [Fetching attestation bits for %v 6832673]
2023/07/08 17:31:27 [INFO] beacon_data_service.go:212 [Fetching committee info for validatorIndex %v in epoch %v 638360 213522]
2023/07/08 17:31:29 [INFO] beacon_data_service.go:252 [Fetching attestation bits for %v 6832705]
2023/07/08 17:31:40 [INFO] beacon_data_service.go:212 [Fetching committee info for validatorIndex %v in epoch %v 638360 213523]
2023/07/08 17:31:41 [INFO] beacon_data_service.go:252 [Fetching attestation bits for %v 6832737]
2023/07/08 17:31:50 [INFO] beacon_data_service.go:270 [Slot number  6832760  was missed]
2023/07/08 17:32:19 [INFO] beacon_data_service.go:212 [Fetching committee info for validatorIndex %v in epoch %v 190761 213520]
2023/07/08 17:32:20 [INFO] beacon_data_service.go:252 [Fetching attestation bits for %v 6832641]
2023/07/08 17:32:25 [INFO] beacon_data_service.go:270 [Slot number  6832655  was missed]
2023/07/08 17:32:31 [INFO] beacon_data_service.go:212 [Fetching committee info for validatorIndex %v in epoch %v 190761 213521]
2023/07/08 17:32:33 [INFO] beacon_data_service.go:252 [Fetching attestation bits for %v 6832673]
2023/07/08 17:32:43 [INFO] beacon_data_service.go:212 [Fetching committee info for validatorIndex %v in epoch %v 190761 213522]
2023/07/08 17:32:45 [INFO] beacon_data_service.go:252 [Fetching attestation bits for %v 6832705]
2023/07/08 17:32:56 [INFO] beacon_data_service.go:212 [Fetching committee info for validatorIndex %v in epoch %v 190761 213523]
2023/07/08 17:32:58 [INFO] beacon_data_service.go:252 [Fetching attestation bits for %v 6832737]
2023/07/08 17:33:06 [INFO] beacon_data_service.go:270 [Slot number  6832760  was missed]
2023/07/08 17:38:07 [INFO] beacon_data_service.go:212 [Fetching committee info for validatorIndex %v in epoch %v 107317 213524]
2023/07/08 17:38:10 [INFO] beacon_data_service.go:252 [Fetching attestation bits for %v 6832769]
2023/07/08 17:38:12 [INFO] beacon_data_service.go:270 [Slot number  6832773  was missed]
2023/07/08 17:38:31 [INFO] beacon_data_service.go:212 [Fetching committee info for validatorIndex %v in epoch %v 107317 213522]
2023/07/08 17:38:33 [INFO] beacon_data_service.go:252 [Fetching attestation bits for %v 6832705]
2023/07/08 17:38:43 [INFO] beacon_data_service.go:212 [Fetching committee info for validatorIndex %v in epoch %v 107317 213523]
2023/07/08 17:38:44 [INFO] beacon_data_service.go:252 [Fetching attestation bits for %v 6832737]
2023/07/08 17:38:52 [INFO] beacon_data_service.go:270 [Slot number  6832760  was missed]
2023/07/08 17:38:55 [INFO] beacon_data_service.go:212 [Fetching committee info for validatorIndex %v in epoch %v 107317 213524]
2023/07/08 17:39:00 [INFO] beacon_data_service.go:252 [Fetching attestation bits for %v 6832769]
2023/07/08 17:39:01 [INFO] beacon_data_service.go:270 [Slot number  6832773  was missed]
2023/07/08 17:49:09 [INFO] main.go:17 [Server Starting...........................................................]
2023/07/08 17:49:10 [INFO] main.go:50 [Starting server at port %v 9001]
2023/07/08 17:49:10 [INFO] main.go:37 [Starting data load service for fetching last 5 epoch data]
2023/07/08 17:49:15 [INFO] beacon_data_service.go:126 [Slot number  6832773  was missed]
2023/07/08 17:49:15 [INFO] beacon_data_service.go:126 [Slot number  6832760  was missed]
2023/07/08 17:49:24 [INFO] main.go:42 [Loaded data for last 5 epoch]
2023/07/08 17:52:25 [INFO] beacon_data_service.go:212 [Fetching committee info for validatorIndex %v in epoch %v 577107 213524]
2023/07/08 17:52:28 [INFO] beacon_data_service.go:212 [Fetching committee info for validatorIndex %v in epoch %v 577107 213526]
2023/07/08 17:55:03 [INFO] beacon_data_service.go:252 [Fetching attestation bits for %v 6832769]
2023/07/08 17:55:05 [INFO] beacon_data_service.go:252 [Fetching attestation bits for %v 6832833]
2023/07/08 17:55:05 [INFO] beacon_data_service.go:270 [Slot number  6832833  was missed]
2023/07/08 17:55:06 [INFO] beacon_data_service.go:270 [Slot number  6832773  was missed]
2023/07/08 17:55:36 [INFO] beacon_data_service.go:212 [Fetching committee info for validatorIndex %v in epoch %v 577107 213525]
2023/07/08 17:59:47 [INFO] beacon_data_service.go:252 [Fetching attestation bits for %v 6832801]
2023/07/08 18:01:10 [INFO] beacon_data_service.go:270 [Slot number  6832823  was missed]
2023/07/08 18:03:11 [INFO] beacon_data_service.go:212 [Fetching committee info for validatorIndex %v in epoch %v 577107 213526]
2023/07/08 18:03:19 [INFO] beacon_data_service.go:252 [Fetching attestation bits for %v 6832833]
2023/07/08 18:03:20 [INFO] beacon_data_service.go:270 [Slot number  6832833  was missed]
2023/07/08 18:05:17 [INFO] beacon_data_service.go:212 [Fetching committee info for validatorIndex %v in epoch %v 577107 213528]
2023/07/08 18:05:20 [INFO] beacon_data_service.go:252 [Fetching attestation bits for %v 6832897]
